<?xml version="1.0" encoding="UTF-8"?>
<!-- Generated by org.testng.reporters.JUnitXMLReporter -->
<testsuite ignored="0" hostname="Adekunles-MacBook-Pro.local" failures="0" tests="2" name="EFMS Automation Test Execution" time="128.275" errors="0" timestamp="2022-03-10T19:09:54 WAT">
  <testcase classname="main.authentication" name="loginWithValidCredentials" time="39.734"/>
  <testcase classname="main.ruleManagement" name="ViewRule" time="54.826"/>
</testsuite> <!-- EFMS Automation Test Execution -->
