<?xml version="1.0" encoding="UTF-8"?>
<!-- Generated by org.testng.reporters.JUnitXMLReporter -->
<testsuite hostname="DESKTOP-41C6NK3" ignored="0" name="Test" tests="4" failures="0" timestamp="04 Nov 2021 21:32:28 GMT" time="26.659" errors="0">
  <testcase name="launchbrowser" time="5.604" classname="main.projectConfig"/>
  <testcase name="loginWithInvalidCredentials" time="1.601" classname="OU.authentication"/>
  <testcase name="loginWithValidCredentials" time="13.034" classname="OU.authentication"/>
  <testcase name="logoutUser" time="6.402" classname="OU.authentication"/>
</testsuite> <!-- Test -->
