<?xml version="1.0" encoding="UTF-8"?>
<testng-results ignored="0" total="2" passed="2" failed="0" skipped="0">
  <reporter-output>
  </reporter-output>
  <suite started-at="2022-03-10T19:07:45 WAT" name="Suite" finished-at="2022-03-10T19:09:54 WAT" duration-ms="128275">
    <groups>
    </groups>
    <test started-at="2022-03-10T19:07:45 WAT" name="EFMS Automation Test Execution" finished-at="2022-03-10T19:09:54 WAT" duration-ms="128275">
      <class name="main.ruleManagement">
        <test-method signature="ViewRule()[pri:0, instance:main.ruleManagement@3e11f9e9]" started-at="2022-03-10T19:08:59 WAT" name="ViewRule" finished-at="2022-03-10T19:09:54 WAT" duration-ms="54826" status="PASS">
          <reporter-output>
          </reporter-output>
        </test-method> <!-- ViewRule -->
      </class> <!-- main.ruleManagement -->
      <class name="main.authentication">
        <test-method signature="loginWithValidCredentials()[pri:0, instance:main.authentication@53ce1329]" started-at="2022-03-10T19:08:19 WAT" name="loginWithValidCredentials" finished-at="2022-03-10T19:08:59 WAT" duration-ms="39734" status="PASS">
          <reporter-output>
          </reporter-output>
        </test-method> <!-- loginWithValidCredentials -->
      </class> <!-- main.authentication -->
      <class name="main.pC">
        <test-method is-config="true" signature="launchbrowser()[pri:0, instance:main.pC@485966cc]" started-at="2022-03-10T19:07:45 WAT" name="launchbrowser" finished-at="2022-03-10T19:08:19 WAT" duration-ms="33693" status="PASS">
          <reporter-output>
          </reporter-output>
        </test-method> <!-- launchbrowser -->
      </class> <!-- main.pC -->
    </test> <!-- EFMS Automation Test Execution -->
  </suite> <!-- Suite -->
</testng-results>
